# Logfile created on 2014-05-01 12:58:50 +0100 by logger.rb/44203
I, [2014-05-01T12:58:50.293615 #6937]  INFO -- : 0:  rake (10.3.1) from /Users/Digital/.rbenv/versions/2.1.0/lib/ruby/gems/2.1.0/specifications/rake-10.3.1.gemspec
I, [2014-05-01T12:58:50.294094 #6937]  INFO -- : 0:  i18n (0.6.9) from /Users/Digital/.rbenv/versions/2.1.0/lib/ruby/gems/2.1.0/specifications/i18n-0.6.9.gemspec
I, [2014-05-01T12:58:50.294372 #6937]  INFO -- : 0:  minitest (4.7.5) from /Users/Digital/.rbenv/versions/2.1.0/lib/ruby/gems/2.1.0/specifications/default/minitest-4.7.5.gemspec
I, [2014-05-01T12:58:50.294705 #6937]  INFO -- : 0:  multi_json (1.9.3) from /Users/Digital/.rbenv/versions/2.1.0/lib/ruby/gems/2.1.0/specifications/multi_json-1.9.3.gemspec
I, [2014-05-01T12:58:50.295059 #6937]  INFO -- : 0:  thread_safe (0.3.3) from /Users/Digital/.rbenv/versions/2.1.0/lib/ruby/gems/2.1.0/specifications/thread_safe-0.3.3.gemspec
I, [2014-05-01T12:58:50.295423 #6937]  INFO -- : 0:  tzinfo (0.3.39) from /Users/Digital/.rbenv/versions/2.1.0/lib/ruby/gems/2.1.0/specifications/tzinfo-0.3.39.gemspec
I, [2014-05-01T12:58:50.295795 #6937]  INFO -- : 0:  activesupport (4.0.4) from /Users/Digital/.rbenv/versions/2.1.0/lib/ruby/gems/2.1.0/specifications/activesupport-4.0.4.gemspec
I, [2014-05-01T12:58:50.296151 #6937]  INFO -- : 0:  builder (3.1.4) from /Users/Digital/.rbenv/versions/2.1.0/lib/ruby/gems/2.1.0/specifications/builder-3.1.4.gemspec
I, [2014-05-01T12:58:50.296507 #6937]  INFO -- : 0:  erubis (2.7.0) from /Users/Digital/.rbenv/versions/2.1.0/lib/ruby/gems/2.1.0/specifications/erubis-2.7.0.gemspec
I, [2014-05-01T12:58:50.296865 #6937]  INFO -- : 0:  rack (1.5.2) from /Users/Digital/.rbenv/versions/2.1.0/lib/ruby/gems/2.1.0/specifications/rack-1.5.2.gemspec
I, [2014-05-01T12:58:50.297181 #6937]  INFO -- : 0:  rack-test (0.6.2) from /Users/Digital/.rbenv/versions/2.1.0/lib/ruby/gems/2.1.0/specifications/rack-test-0.6.2.gemspec
I, [2014-05-01T12:58:50.297507 #6937]  INFO -- : 0:  actionpack (4.0.4) from /Users/Digital/.rbenv/versions/2.1.0/lib/ruby/gems/2.1.0/specifications/actionpack-4.0.4.gemspec
I, [2014-05-01T12:58:50.297873 #6937]  INFO -- : 0:  sass (3.2.19) from /Users/Digital/.rbenv/versions/2.1.0/lib/ruby/gems/2.1.0/specifications/sass-3.2.19.gemspec
I, [2014-05-01T12:58:50.313796 #6937]  INFO -- : 0:  bootstrap-sass (3.1.1.0) from /Users/Digital/workspace/ee-quiz/bootstrap-sass.gemspec
I, [2014-05-01T12:58:50.314346 #6937]  INFO -- : 0:  mime-types (2.2) from /Users/Digital/.rbenv/versions/2.1.0/lib/ruby/gems/2.1.0/specifications/mime-types-2.2.gemspec
I, [2014-05-01T12:58:50.314710 #6937]  INFO -- : 0:  mini_portile (0.5.3) from /Users/Digital/.rbenv/versions/2.1.0/lib/ruby/gems/2.1.0/specifications/mini_portile-0.5.3.gemspec
I, [2014-05-01T12:58:50.315045 #6937]  INFO -- : 0:  nokogiri (1.6.1) from /Users/Digital/.rbenv/versions/2.1.0/lib/ruby/gems/2.1.0/specifications/nokogiri-1.6.1.gemspec
I, [2014-05-01T12:58:50.315385 #6937]  INFO -- : 0:  xpath (2.0.0) from /Users/Digital/.rbenv/versions/2.1.0/lib/ruby/gems/2.1.0/specifications/xpath-2.0.0.gemspec
I, [2014-05-01T12:58:50.315751 #6937]  INFO -- : 0:  capybara (2.2.1) from /Users/Digital/.rbenv/versions/2.1.0/lib/ruby/gems/2.1.0/specifications/capybara-2.2.1.gemspec
I, [2014-05-01T12:58:50.316127 #6937]  INFO -- : 0:  chunky_png (1.3.1) from /Users/Digital/.rbenv/versions/2.1.0/lib/ruby/gems/2.1.0/specifications/chunky_png-1.3.1.gemspec
I, [2014-05-01T12:58:50.316500 #6937]  INFO -- : 0:  cliver (0.3.2) from /Users/Digital/.rbenv/versions/2.1.0/lib/ruby/gems/2.1.0/specifications/cliver-0.3.2.gemspec
I, [2014-05-01T12:58:50.316848 #6937]  INFO -- : 0:  fssm (0.2.10) from /Users/Digital/.rbenv/versions/2.1.0/lib/ruby/gems/2.1.0/specifications/fssm-0.2.10.gemspec
I, [2014-05-01T12:58:50.317212 #6937]  INFO -- : 0:  compass (0.12.6) from /Users/Digital/.rbenv/versions/2.1.0/lib/ruby/gems/2.1.0/specifications/compass-0.12.6.gemspec
I, [2014-05-01T12:58:50.317584 #6937]  INFO -- : 0:  execjs (2.0.2) from /Users/Digital/.rbenv/versions/2.1.0/lib/ruby/gems/2.1.0/specifications/execjs-2.0.2.gemspec
I, [2014-05-01T12:58:50.317969 #6937]  INFO -- : 0:  hike (1.2.3) from /Users/Digital/.rbenv/versions/2.1.0/lib/ruby/gems/2.1.0/specifications/hike-1.2.3.gemspec
I, [2014-05-01T12:58:50.318322 #6937]  INFO -- : 0:  thor (0.19.1) from /Users/Digital/.rbenv/versions/2.1.0/lib/ruby/gems/2.1.0/specifications/thor-0.19.1.gemspec
I, [2014-05-01T12:58:50.318689 #6937]  INFO -- : 0:  railties (4.0.4) from /Users/Digital/.rbenv/versions/2.1.0/lib/ruby/gems/2.1.0/specifications/railties-4.0.4.gemspec
I, [2014-05-01T12:58:50.319061 #6937]  INFO -- : 0:  jquery-rails (3.1.0) from /Users/Digital/.rbenv/versions/2.1.0/lib/ruby/gems/2.1.0/specifications/jquery-rails-3.1.0.gemspec
I, [2014-05-01T12:58:50.319379 #6937]  INFO -- : 0:  json (1.8.1) from /Users/Digital/.rbenv/versions/2.1.0/lib/ruby/gems/2.1.0/specifications/default/json-1.8.1.gemspec
I, [2014-05-01T12:58:50.319748 #6937]  INFO -- : 0:  websocket-driver (0.3.3) from /Users/Digital/.rbenv/versions/2.1.0/lib/ruby/gems/2.1.0/specifications/websocket-driver-0.3.3.gemspec
I, [2014-05-01T12:58:50.320092 #6937]  INFO -- : 0:  poltergeist (1.5.0) from /Users/Digital/.rbenv/versions/2.1.0/lib/ruby/gems/2.1.0/specifications/poltergeist-1.5.0.gemspec
I, [2014-05-01T12:58:50.320443 #6937]  INFO -- : 0:  tilt (1.4.1) from /Users/Digital/.rbenv/versions/2.1.0/lib/ruby/gems/2.1.0/specifications/tilt-1.4.1.gemspec
I, [2014-05-01T12:58:50.320928 #6937]  INFO -- : 0:  sprockets (2.11.0) from /Users/Digital/.rbenv/versions/2.1.0/lib/ruby/gems/2.1.0/specifications/sprockets-2.11.0.gemspec
I, [2014-05-01T12:58:50.321337 #6937]  INFO -- : 0:  sprockets-rails (2.1.3) from /Users/Digital/.rbenv/versions/2.1.0/lib/ruby/gems/2.1.0/specifications/sprockets-rails-2.1.3.gemspec
I, [2014-05-01T12:58:50.321706 #6937]  INFO -- : 0:  sass-rails (4.0.3) from /Users/Digital/.rbenv/versions/2.1.0/lib/ruby/gems/2.1.0/specifications/sass-rails-4.0.3.gemspec
I, [2014-05-01T12:58:50.322093 #6937]  INFO -- : 0:  temple (0.6.7) from /Users/Digital/.rbenv/versions/2.1.0/lib/ruby/gems/2.1.0/specifications/temple-0.6.7.gemspec
I, [2014-05-01T12:58:50.322799 #6937]  INFO -- : 0:  slim (2.0.2) from /Users/Digital/.rbenv/versions/2.1.0/lib/ruby/gems/2.1.0/specifications/slim-2.0.2.gemspec
I, [2014-05-01T12:58:50.323510 #6937]  INFO -- : 0:  slim-rails (2.1.4) from /Users/Digital/.rbenv/versions/2.1.0/lib/ruby/gems/2.1.0/specifications/slim-rails-2.1.4.gemspec
I, [2014-05-01T12:58:50.324101 #6937]  INFO -- : 0:  tins (1.1.0) from /Users/Digital/.rbenv/versions/2.1.0/lib/ruby/gems/2.1.0/specifications/tins-1.1.0.gemspec
I, [2014-05-01T12:58:50.324542 #6937]  INFO -- : 0:  term-ansicolor (1.3.0) from /Users/Digital/.rbenv/versions/2.1.0/lib/ruby/gems/2.1.0/specifications/term-ansicolor-1.3.0.gemspec
I, [2014-05-01T12:58:50.324938 #6937]  INFO -- : 0:  uglifier (2.5.0) from /Users/Digital/.rbenv/versions/2.1.0/lib/ruby/gems/2.1.0/specifications/uglifier-2.5.0.gemspec
I, [2014-05-01T12:58:50.325290 #6937]  INFO -- : 0:  bundler (1.5.1) from /Users/Digital/.rbenv/versions/2.1.0/lib/ruby/gems/2.1.0/specifications/bundler-1.5.1.gemspec
